<?xml version="1.0" encoding="UTF-8"?>
<testsuite name="part1.step01.TestConcurrentSearch" tests="2" skipped="0" failures="0" errors="0" timestamp="2025-02-11T13:29:27" hostname="MSI" time="0.759">
  <properties/>
  <testcase name="TestNone()" classname="part1.step01.TestConcurrentSearch" time="0.587"/>
  <testcase name="TestMixedDirectory()" classname="part1.step01.TestConcurrentSearch" time="0.169"/>
  <system-out><![CDATA[]]></system-out>
  <system-err><![CDATA[SLF4J: Failed to load class "org.slf4j.impl.StaticLoggerBinder".
SLF4J: Defaulting to no-operation (NOP) logger implementation
SLF4J: See http://www.slf4j.org/codes.html#StaticLoggerBinder for further details.
]]></system-err>
</testsuite>
